Determining if the pthread_create exist failed with the following output:
Change Dir: /home/sarthake/catkin_ws/build/CMakeFiles/CMakeTmp

Run Build Command:"/usr/bin/make" "cmTC_75d30/fast"
/usr/bin/make -f CMakeFiles/cmTC_75d30.dir/build.make CMakeFiles/cmTC_75d30.dir/build
make[1]: Entering directory '/home/sarthake/catkin_ws/build/CMakeFiles/CMakeTmp'
Building C object CMakeFiles/cmTC_75d30.dir/CheckSymbolExists.c.o
/usr/bin/cc     -o CMakeFiles/cmTC_75d30.dir/CheckSymbolExists.c.o   -c /home/sarthake/catkin_ws/build/CMakeFiles/CMakeTmp/CheckSymbolExists.c
Linking C executable cmTC_75d30
/usr/bin/cmake -E cmake_link_script CMakeFiles/cmTC_75d30.dir/link.txt --verbose=1
/usr/bin/cc       CMakeFiles/cmTC_75d30.dir/CheckSymbolExists.c.o  -o cmTC_75d30 -rdynamic 
CMakeFiles/cmTC_75d30.dir/CheckSymbolExists.c.o: In function `main':
CheckSymbolExists.c:(.text+0x16): undefined reference to `pthread_create'
collect2: error: ld returned 1 exit status
CMakeFiles/cmTC_75d30.dir/build.make:97: recipe for target 'cmTC_75d30' failed
make[1]: *** [cmTC_75d30] Error 1
make[1]: Leaving directory '/home/sarthake/catkin_ws/build/CMakeFiles/CMakeTmp'
Makefile:126: recipe for target 'cmTC_75d30/fast' failed
make: *** [cmTC_75d30/fast] Error 2

File /home/sarthake/catkin_ws/build/CMakeFiles/CMakeTmp/CheckSymbolExists.c:
/* */
#include <pthread.h>

int main(int argc, char** argv)
{
  (void)argv;
#ifndef pthread_create
  return ((int*)(&pthread_create))[argc];
#else
  (void)argc;
  return 0;
#endif
}

Determining if the function pthread_create exists in the pthreads failed with the following output:
Change Dir: /home/sarthake/catkin_ws/build/CMakeFiles/CMakeTmp

Run Build Command:"/usr/bin/make" "cmTC_d035d/fast"
/usr/bin/make -f CMakeFiles/cmTC_d035d.dir/build.make CMakeFiles/cmTC_d035d.dir/build
make[1]: Entering directory '/home/sarthake/catkin_ws/build/CMakeFiles/CMakeTmp'
Building C object CMakeFiles/cmTC_d035d.dir/CheckFunctionExists.c.o
/usr/bin/cc    -DCHECK_FUNCTION_EXISTS=pthread_create   -o CMakeFiles/cmTC_d035d.dir/CheckFunctionExists.c.o   -c /usr/share/cmake-3.5/Modules/CheckFunctionExists.c
Linking C executable cmTC_d035d
/usr/bin/cmake -E cmake_link_script CMakeFiles/cmTC_d035d.dir/link.txt --verbose=1
/usr/bin/cc   -DCHECK_FUNCTION_EXISTS=pthread_create    CMakeFiles/cmTC_d035d.dir/CheckFunctionExists.c.o  -o cmTC_d035d -rdynamic -lpthreads 
/usr/bin/ld: cannot find -lpthreads
collect2: error: ld returned 1 exit status
CMakeFiles/cmTC_d035d.dir/build.make:97: recipe for target 'cmTC_d035d' failed
make[1]: *** [cmTC_d035d] Error 1
make[1]: Leaving directory '/home/sarthake/catkin_ws/build/CMakeFiles/CMakeTmp'
Makefile:126: recipe for target 'cmTC_d035d/fast' failed
make: *** [cmTC_d035d/fast] Error 2


